1542266015922	mozrunner::runner	INFO	Running command: "/Applications/Firefox.app/Contents/MacOS/firefox-bin" "-marionette" "-foreground" "-no-remote" "-profile" "/var/folders/bg/dg1p1pgd12v2yg35zzxv35y00000gn/T/rust_mozprofile.7xWUozUorELc"
1542266018872	Marionette	INFO	Listening on port 52345
1542266018946	Marionette	WARN	TLS certificate errors will be ignored for this session
1542266020309	Marionette	INFO	Stopped listening on port 52345
1542273525237	mozrunner::runner	INFO	Running command: "/Applications/Firefox.app/Contents/MacOS/firefox-bin" "-marionette" "-foreground" "-no-remote" "-profile" "/var/folders/bg/dg1p1pgd12v2yg35zzxv35y00000gn/T/rust_mozprofile.4UNxJJr0T4II"
1542273528042	Marionette	INFO	Listening on port 61509
1542273528127	Marionette	WARN	TLS certificate errors will be ignored for this session
JavaScript error: , line 0: InvalidStateError: An attempt was made to use an object that is not, or is no longer, usable
JavaScript warning: https://i.alicdn.com/ae-header/20181022224448/buyer/front/ae-header.js, line 4: unreachable code after return statement
JavaScript warning: https://i.alicdn.com/ae-header/20181022224448/buyer/front/ae-header.js, line 4: unreachable code after return statement
1542273599980	mozrunner::runner	INFO	Running command: "/Applications/Firefox.app/Contents/MacOS/firefox-bin" "-marionette" "-foreground" "-no-remote" "-profile" "/var/folders/bg/dg1p1pgd12v2yg35zzxv35y00000gn/T/rust_mozprofile.ykgaJiA1Wqpt"
1542273602690	Marionette	INFO	Listening on port 61635
1542273602760	Marionette	WARN	TLS certificate errors will be ignored for this session
JavaScript warning: https://i.alicdn.com/ae-header/20181022224448/buyer/front/ae-header.js, line 4: unreachable code after return statement
JavaScript warning: https://i.alicdn.com/ae-header/20181022224448/buyer/front/ae-header.js, line 4: unreachable code after return statement
JavaScript error: , line 0: InvalidStateError: An attempt was made to use an object that is not, or is no longer, usable
console.error: BroadcastService: 
  receivedBroadcastMessage: handler for
  remote-settings/monitor_changes
  threw error:
  Message: Error: Polling for changes failed: NetworkError when attempting to fetch resource..
  Stack:
    remoteSettingsFunction/remoteSettings.pollChanges@resource://services-settings/remote-settings.js:721:13

console.error: BroadcastService: 
  receivedBroadcastMessage: handler for
  remote-settings/monitor_changes
  threw error:
  Message: Error: Polling for changes failed: NetworkError when attempting to fetch resource..
  Stack:
    remoteSettingsFunction/remoteSettings.pollChanges@resource://services-settings/remote-settings.js:721:13

1542273818408	mozrunner::runner	INFO	Running command: "/Applications/Firefox.app/Contents/MacOS/firefox-bin" "-marionette" "-foreground" "-no-remote" "-profile" "/var/folders/bg/dg1p1pgd12v2yg35zzxv35y00000gn/T/rust_mozprofile.iYWQLzHNAPQz"
1542273822216	Marionette	INFO	Listening on port 61773
1542273822290	Marionette	WARN	TLS certificate errors will be ignored for this session
JavaScript warning: https://i.alicdn.com/ae-header/20181022224448/buyer/front/ae-header.js, line 4: unreachable code after return statement
JavaScript warning: https://i.alicdn.com/ae-header/20181022224448/buyer/front/ae-header.js, line 4: unreachable code after return statement
JavaScript error: , line 0: InvalidStateError: An attempt was made to use an object that is not, or is no longer, usable
console.error: BroadcastService: 
  receivedBroadcastMessage: handler for
  remote-settings/monitor_changes
  threw error:
  Message: Error: Polling for changes failed: NetworkError when attempting to fetch resource..
  Stack:
    remoteSettingsFunction/remoteSettings.pollChanges@resource://services-settings/remote-settings.js:721:13

1542273944181	mozrunner::runner	INFO	Running command: "/Applications/Firefox.app/Contents/MacOS/firefox-bin" "-marionette" "-foreground" "-no-remote" "-profile" "/var/folders/bg/dg1p1pgd12v2yg35zzxv35y00000gn/T/rust_mozprofile.QxJqicjM6bX3"
1542273947450	Marionette	INFO	Listening on port 61900
1542273947547	Marionette	WARN	TLS certificate errors will be ignored for this session
1542273955423	Marionette	INFO	Stopped listening on port 61773
1542273959830	Marionette	INFO	Stopped listening on port 61900
1542273961812	Marionette	INFO	Stopped listening on port 61635
1542273969543	mozrunner::runner	INFO	Running command: "/Applications/Firefox.app/Contents/MacOS/firefox-bin" "-marionette" "-foreground" "-no-remote" "-profile" "/var/folders/bg/dg1p1pgd12v2yg35zzxv35y00000gn/T/rust_mozprofile.2Q3GSpNOHOdU"
1542273971779	Marionette	INFO	Listening on port 61984
1542273971815	Marionette	WARN	TLS certificate errors will be ignored for this session
JavaScript warning: https://i.alicdn.com/ae-header/20181022224448/buyer/front/ae-header.js, line 4: unreachable code after return statement
JavaScript warning: https://i.alicdn.com/ae-header/20181022224448/buyer/front/ae-header.js, line 4: unreachable code after return statement
JavaScript error: , line 0: InvalidStateError: An attempt was made to use an object that is not, or is no longer, usable
console.error: BroadcastService: 
  receivedBroadcastMessage: handler for
  remote-settings/monitor_changes
  threw error:
  Message: Error: Polling for changes failed: NetworkError when attempting to fetch resource..
  Stack:
    remoteSettingsFunction/remoteSettings.pollChanges@resource://services-settings/remote-settings.js:721:13

1542274462336	mozrunner::runner	INFO	Running command: "/Applications/Firefox.app/Contents/MacOS/firefox-bin" "-marionette" "-foreground" "-no-remote" "-profile" "/var/folders/bg/dg1p1pgd12v2yg35zzxv35y00000gn/T/rust_mozprofile.KCE5dVjEeYZ8"
1542274470831	Marionette	INFO	Listening on port 62185
1542274470887	Marionette	WARN	TLS certificate errors will be ignored for this session
JavaScript warning: https://i.alicdn.com/ae-header/20181022224448/buyer/front/ae-header.js, line 4: unreachable code after return statement
JavaScript warning: https://i.alicdn.com/ae-header/20181022224448/buyer/front/ae-header.js, line 4: unreachable code after return statement
JavaScript warning: https://i.alicdn.com/ae-header/20181022224448/buyer/front/ae-header.js, line 4: unreachable code after return statement
JavaScript warning: https://i.alicdn.com/ae-header/20181022224448/buyer/front/ae-header.js, line 4: unreachable code after return statement
JavaScript warning: https://i.alicdn.com/ae-header/20181022224448/buyer/front/ae-header.js, line 4: unreachable code after return statement
JavaScript warning: https://i.alicdn.com/ae-header/20181022224448/buyer/front/ae-header.js, line 4: unreachable code after return statement
console.error: BroadcastService: 
  receivedBroadcastMessage: handler for
  remote-settings/monitor_changes
  threw error:
  Message: Error: Polling for changes failed: NetworkError when attempting to fetch resource..
  Stack:
    remoteSettingsFunction/remoteSettings.pollChanges@resource://services-settings/remote-settings.js:721:13

1542274722137	mozrunner::runner	INFO	Running command: "/Applications/Firefox.app/Contents/MacOS/firefox-bin" "-marionette" "-foreground" "-no-remote" "-profile" "/var/folders/bg/dg1p1pgd12v2yg35zzxv35y00000gn/T/rust_mozprofile.yckKSCpUdTwC"
1542274731037	Marionette	INFO	Listening on port 62415
1542274731117	Marionette	WARN	TLS certificate errors will be ignored for this session
JavaScript warning: https://i.alicdn.com/ae-header/20181022224448/buyer/front/ae-header.js, line 4: unreachable code after return statement
JavaScript warning: https://i.alicdn.com/ae-header/20181022224448/buyer/front/ae-header.js, line 4: unreachable code after return statement
JavaScript warning: https://i.alicdn.com/ae-header/20181022224448/buyer/front/ae-header.js, line 4: unreachable code after return statement
JavaScript warning: https://i.alicdn.com/ae-header/20181022224448/buyer/front/ae-header.js, line 4: unreachable code after return statement
1542274763372	Marionette	INFO	Stopped listening on port 62415
1542274766506	Marionette	INFO	Stopped listening on port 62185
1542274769434	Marionette	INFO	Stopped listening on port 61984
console.error: BroadcastService: 
  receivedBroadcastMessage: handler for
  remote-settings/monitor_changes
  threw error:
  Message: Error: Polling for changes failed: NetworkError when attempting to fetch resource..
  Stack:
    remoteSettingsFunction/remoteSettings.pollChanges@resource://services-settings/remote-settings.js:721:13

1542276259574	mozrunner::runner	INFO	Running command: "/Applications/Firefox.app/Contents/MacOS/firefox-bin" "-marionette" "-foreground" "-no-remote" "-profile" "/var/folders/bg/dg1p1pgd12v2yg35zzxv35y00000gn/T/rust_mozprofile.WdUepO4WgChA"
1542276262199	Marionette	INFO	Listening on port 65057
1542276262232	Marionette	WARN	TLS certificate errors will be ignored for this session
JavaScript warning: https://i.alicdn.com/ae-header/20181022224448/buyer/front/ae-header.js, line 4: unreachable code after return statement
JavaScript warning: https://i.alicdn.com/ae-header/20181022224448/buyer/front/ae-header.js, line 4: unreachable code after return statement
JavaScript warning: https://i.alicdn.com/ae-header/20181022224448/buyer/front/ae-header.js, line 4: unreachable code after return statement
JavaScript warning: https://i.alicdn.com/ae-header/20181022224448/buyer/front/ae-header.js, line 4: unreachable code after return statement
1542276346782	Marionette	INFO	Stopped listening on port 65057
1542276352761	mozrunner::runner	INFO	Running command: "/Applications/Firefox.app/Contents/MacOS/firefox-bin" "-marionette" "-foreground" "-no-remote" "-profile" "/var/folders/bg/dg1p1pgd12v2yg35zzxv35y00000gn/T/rust_mozprofile.POnfgJ1BR0vM"
1542276354952	Marionette	INFO	Listening on port 49161
1542276355021	Marionette	WARN	TLS certificate errors will be ignored for this session
JavaScript warning: https://i.alicdn.com/ae-header/20181022224448/buyer/front/ae-header.js, line 4: unreachable code after return statement
JavaScript warning: https://i.alicdn.com/ae-header/20181022224448/buyer/front/ae-header.js, line 4: unreachable code after return statement
JavaScript warning: https://i.alicdn.com/ae-header/20181022224448/buyer/front/ae-header.js, line 4: unreachable code after return statement
JavaScript warning: https://i.alicdn.com/ae-header/20181022224448/buyer/front/ae-header.js, line 4: unreachable code after return statement
1542276544332	Marionette	INFO	Stopped listening on port 49161
1542276564050	mozrunner::runner	INFO	Running command: "/Applications/Firefox.app/Contents/MacOS/firefox-bin" "-marionette" "-foreground" "-no-remote" "-profile" "/var/folders/bg/dg1p1pgd12v2yg35zzxv35y00000gn/T/rust_mozprofile.gfQQSE7Y75Qc"
1542276566505	Marionette	INFO	Listening on port 50156
1542276566565	Marionette	WARN	TLS certificate errors will be ignored for this session
JavaScript warning: https://i.alicdn.com/ae-header/20181022224448/buyer/front/ae-header.js, line 4: unreachable code after return statement
JavaScript warning: https://i.alicdn.com/ae-header/20181022224448/buyer/front/ae-header.js, line 4: unreachable code after return statement
JavaScript warning: https://i.alicdn.com/ae-header/20181022224448/buyer/front/ae-header.js, line 4: unreachable code after return statement
JavaScript warning: https://i.alicdn.com/ae-header/20181022224448/buyer/front/ae-header.js, line 4: unreachable code after return statement
1542276643285	Marionette	INFO	Stopped listening on port 50156
1542276667816	mozrunner::runner	INFO	Running command: "/Applications/Firefox.app/Contents/MacOS/firefox-bin" "-marionette" "-foreground" "-no-remote" "-profile" "/var/folders/bg/dg1p1pgd12v2yg35zzxv35y00000gn/T/rust_mozprofile.Dza7QB7epiiI"
1542276670208	Marionette	INFO	Listening on port 50700
1542276670306	Marionette	WARN	TLS certificate errors will be ignored for this session
JavaScript warning: https://i.alicdn.com/ae-header/20181022224448/buyer/front/ae-header.js, line 4: unreachable code after return statement
JavaScript warning: https://i.alicdn.com/ae-header/20181022224448/buyer/front/ae-header.js, line 4: unreachable code after return statement
JavaScript warning: https://i.alicdn.com/ae-header/20181022224448/buyer/front/ae-header.js, line 4: unreachable code after return statement
JavaScript warning: https://i.alicdn.com/ae-header/20181022224448/buyer/front/ae-header.js, line 4: unreachable code after return statement
1542276722733	mozrunner::runner	INFO	Running command: "/Applications/Firefox.app/Contents/MacOS/firefox-bin" "-marionette" "-foreground" "-no-remote" "-profile" "/var/folders/bg/dg1p1pgd12v2yg35zzxv35y00000gn/T/rust_mozprofile.QReMbvr5SKgZ"
1542276725085	Marionette	INFO	Listening on port 51023
1542276725126	Marionette	WARN	TLS certificate errors will be ignored for this session
JavaScript warning: https://i.alicdn.com/ae-header/20181022224448/buyer/front/ae-header.js, line 4: unreachable code after return statement
JavaScript warning: https://i.alicdn.com/ae-header/20181022224448/buyer/front/ae-header.js, line 4: unreachable code after return statement
JavaScript warning: https://i.alicdn.com/ae-header/20181022224448/buyer/front/ae-header.js, line 4: unreachable code after return statement
JavaScript warning: https://i.alicdn.com/ae-header/20181022224448/buyer/front/ae-header.js, line 4: unreachable code after return statement
console.error: BroadcastService: 
console.error: BroadcastService: 
  receivedBroadcastMessage: handler for
  remote-settings/monitor_changes
  threw error:
  receivedBroadcastMessage: handler for
  remote-settings/monitor_changes
  threw error:
  Message: Error: Polling for changes failed: NetworkError when attempting to fetch resource..
  Stack:
    remoteSettingsFunction/remoteSettings.pollChanges@resource://services-settings/remote-settings.js:721:13

  Message: Error: Polling for changes failed: NetworkError when attempting to fetch resource..
  Stack:
    remoteSettingsFunction/remoteSettings.pollChanges@resource://services-settings/remote-settings.js:721:13

1542277182984	Marionette	INFO	Stopped listening on port 51023
1542277185172	Marionette	INFO	Stopped listening on port 50700
1542277324062	mozrunner::runner	INFO	Running command: "/Applications/Firefox.app/Contents/MacOS/firefox-bin" "-marionette" "-foreground" "-no-remote" "-profile" "/var/folders/bg/dg1p1pgd12v2yg35zzxv35y00000gn/T/rust_mozprofile.d2SbL16hgb6t"
1542277326551	Marionette	INFO	Listening on port 53642
1542277326616	Marionette	WARN	TLS certificate errors will be ignored for this session
JavaScript warning: https://i.alicdn.com/ae-header/20181022224448/buyer/front/ae-header.js, line 4: unreachable code after return statement
JavaScript warning: https://i.alicdn.com/ae-header/20181022224448/buyer/front/ae-header.js, line 4: unreachable code after return statement
JavaScript warning: https://i.alicdn.com/ae-header/20181022224448/buyer/front/ae-header.js, line 4: unreachable code after return statement
JavaScript warning: https://i.alicdn.com/ae-header/20181022224448/buyer/front/ae-header.js, line 4: unreachable code after return statement
console.error: BroadcastService: 
  receivedBroadcastMessage: handler for
  remote-settings/monitor_changes
  threw error:
  Message: Error: Polling for changes failed: NetworkError when attempting to fetch resource..
  Stack:
    remoteSettingsFunction/remoteSettings.pollChanges@resource://services-settings/remote-settings.js:721:13

1542277475256	Marionette	INFO	Stopped listening on port 53642
1542277482108	mozrunner::runner	INFO	Running command: "/Applications/Firefox.app/Contents/MacOS/firefox-bin" "-marionette" "-foreground" "-no-remote" "-profile" "/var/folders/bg/dg1p1pgd12v2yg35zzxv35y00000gn/T/rust_mozprofile.enFHreaJrqSf"
1542277484335	Marionette	INFO	Listening on port 54390
1542277484382	Marionette	WARN	TLS certificate errors will be ignored for this session
JavaScript warning: https://i.alicdn.com/ae-header/20181022224448/buyer/front/ae-header.js, line 4: unreachable code after return statement
JavaScript warning: https://i.alicdn.com/ae-header/20181022224448/buyer/front/ae-header.js, line 4: unreachable code after return statement
JavaScript warning: https://i.alicdn.com/ae-header/20181022224448/buyer/front/ae-header.js, line 4: unreachable code after return statement
JavaScript warning: https://i.alicdn.com/ae-header/20181022224448/buyer/front/ae-header.js, line 4: unreachable code after return statement
JavaScript warning: https://i.alicdn.com/ae-header/20181022224448/buyer/front/ae-header.js, line 4: unreachable code after return statement
JavaScript warning: https://i.alicdn.com/ae-header/20181022224448/buyer/front/ae-header.js, line 4: unreachable code after return statement
1542277505850	Marionette	INFO	Stopped listening on port 54390
1542277536105	mozrunner::runner	INFO	Running command: "/Applications/Firefox.app/Contents/MacOS/firefox-bin" "-marionette" "-foreground" "-no-remote" "-profile" "/var/folders/bg/dg1p1pgd12v2yg35zzxv35y00000gn/T/rust_mozprofile.eu9GrOL3xUvJ"
1542277538550	Marionette	INFO	Listening on port 54732
1542277538581	Marionette	WARN	TLS certificate errors will be ignored for this session
JavaScript warning: https://i.alicdn.com/ae-header/20181022224448/buyer/front/ae-header.js, line 4: unreachable code after return statement
JavaScript warning: https://i.alicdn.com/ae-header/20181022224448/buyer/front/ae-header.js, line 4: unreachable code after return statement
JavaScript warning: https://i.alicdn.com/ae-header/20181022224448/buyer/front/ae-header.js, line 4: unreachable code after return statement
JavaScript warning: https://i.alicdn.com/ae-header/20181022224448/buyer/front/ae-header.js, line 4: unreachable code after return statement
